-------------------------------------------------------------------------------
Test set: tpaql.exercise2.OrderControllerTest
-------------------------------------------------------------------------------
Tests run: 1, Failures: 0, Errors: 1, Skipped: 0, Time elapsed: 0.064 s <<< FAILURE! - in tpaql.exercise2.OrderControllerTest
shouldCallOrderServiceWhenControllerCreatesOrder  Time elapsed: 0.063 s  <<< ERROR!
org.mockito.exceptions.base.MockitoException: 

Mockito cannot mock this class: class tpaql.exercise2.OrderService.

If you're not sure why you're getting this error, please open an issue on GitHub.


Java               : 25
JVM vendor name    : Oracle Corporation
JVM vendor version : 25.0.1+8-LTS-27
JVM name           : Java HotSpot(TM) 64-Bit Server VM
JVM version        : 25.0.1+8-LTS-27
JVM info           : mixed mode, sharing
OS name            : Windows 10
OS version         : 10.0


You are seeing this disclaimer because Mockito is configured to create inlined mocks.
You can learn about inline mocks and their limitations under item #39 of the Mockito class javadoc.

Underlying exception : org.mockito.exceptions.base.MockitoException: Could not modify all classes [class tpaql.exercise2.OrderService, class java.lang.Object]
	at tpaql.exercise2.OrderControllerTest.setUp(OrderControllerTest.java:15)
Caused by: org.mockito.exceptions.base.MockitoException: Could not modify all classes [class tpaql.exercise2.OrderService, class java.lang.Object]
	at tpaql.exercise2.OrderControllerTest.setUp(OrderControllerTest.java:15)
Caused by: java.lang.IllegalStateException: 

Byte Buddy could not instrument all classes within the mock's type hierarchy

This problem should never occur for javac-compiled classes. This problem has been observed for classes that are:
 - Compiled by older versions of scalac
 - Classes that are part of the Android distribution
	at tpaql.exercise2.OrderControllerTest.setUp(OrderControllerTest.java:15)
Caused by: java.lang.IllegalArgumentException: Java 25 (69) is not supported by the current version of Byte Buddy which officially supports Java 22 (66) - update Byte Buddy or set net.bytebuddy.experimental as a VM property
	at tpaql.exercise2.OrderControllerTest.setUp(OrderControllerTest.java:15)

